{"message":{"date":"2019-01-20T18:36:49.873Z","url":"localhost:3000/news"},"level":"info"}
{"message":{"date":"2019-01-20T18:36:50.158Z","url":"localhost:3000/favicon.ico"},"level":"info"}
{"message":{"date":"2019-01-20T18:36:55.110Z","url":"localhost:3000/news/123"},"level":"info"}
{"message":{"date":"2019-01-20T18:36:57.652Z","url":"localhost:3000/"},"level":"info"}
{"message":{"date":"2019-02-03T18:50:43.550Z","url":"localhost:3000/news"},"level":"info"}
{"message":{"date":"2019-02-03T18:51:23.868Z","url":"localhost:3000/news"},"level":"info"}
{"message":{"date":"2019-02-03T18:51:39.396Z","url":"localhost:3000/news"},"level":"info"}
{"message":{"date":"2019-02-03T18:53:34.063Z","url":"localhost:3000/news"},"level":"info"}
{"message":{"date":"2019-02-03T18:53:37.981Z","url":"localhost:3000/news"},"level":"info"}
{"message":{"date":"2019-02-03T18:53:39.381Z","url":"localhost:3000/news"},"level":"info"}
{"message":{"date":"2019-02-03T18:53:41.970Z","url":"localhost:3000/news"},"level":"info"}
{"message":{"date":"2019-02-03T18:59:42.557Z","url":"localhost:3000/news"},"level":"info"}
{"message":{"date":"2019-02-03T19:04:27.600Z","url":"localhost:3000/news/1"},"level":"info"}
{"message":{"date":"2019-02-03T19:04:33.358Z","url":"localhost:3000/news/2"},"level":"info"}
{"message":{"date":"2019-02-03T19:04:37.623Z","url":"localhost:3000/news/"},"level":"info"}
{"message":{"date":"2019-02-03T19:05:44.771Z","url":"localhost:3000/news/"},"level":"info"}
{"message":{"date":"2019-02-03T19:05:50.431Z","url":"localhost:3000/news/4"},"level":"info"}
{"message":{"date":"2019-02-03T19:05:59.241Z","url":"localhost:3000/news/3"},"level":"info"}
{"message":{"date":"2019-02-03T19:07:15.349Z","url":"localhost:3000/news"},"level":"info"}
{"message":{"date":"2019-02-03T19:07:51.375Z","url":"localhost:3000/news/1"},"level":"info"}
{"message":{"date":"2019-02-03T19:08:16.904Z","url":"localhost:3000/news/1"},"level":"info"}
{"message":{"date":"2019-02-03T19:08:35.565Z","url":"localhost:3000/news"},"level":"info"}
{"message":{"date":"2019-02-03T19:08:38.329Z","url":"localhost:3000/news/5"},"level":"info"}
{"message":{"date":"2019-02-03T19:10:09.357Z","url":"localhost:3000/news/5"},"level":"info"}
{"message":{"date":"2019-02-03T19:20:19.445Z","url":"localhost:3000/news/5?author=123"},"level":"info"}
{"message":{"date":"2019-02-03T19:20:59.465Z","url":"localhost:3000/news/5?author=123"},"level":"info"}
{"message":{"date":"2019-02-03T19:23:14.242Z","url":"localhost:3000/news/5?author=123"},"level":"info"}
{"message":{"date":"2019-02-03T19:24:02.992Z","url":"localhost:3000/news/5?author=123"},"level":"info"}
{"message":{"date":"2019-02-03T19:24:34.395Z","url":"localhost:3000/news/5?author=123"},"level":"info"}
{"message":{"date":"2019-02-03T19:24:56.380Z","url":"localhost:3000/news/5?author=123"},"level":"info"}
{"message":{"date":"2019-02-03T19:25:56.757Z","url":"localhost:3000/news/5?author=123"},"level":"info"}
{"message":{"date":"2019-02-03T19:26:26.358Z","url":"localhost:3000/news/5?author=123"},"level":"info"}
{"message":{"date":"2019-02-03T19:39:53.409Z","url":"localhost:3000/news/5?author=Any%20author&title=Any%20Titile&text=Any%20Text"},"level":"info"}
{"message":{"date":"2019-02-03T19:40:11.825Z","url":"localhost:3000/news/author=Any%20author&title=Any%20Titile&text=Any%20Text"},"level":"info"}
{"message":{"date":"2019-02-03T19:40:19.721Z","url":"localhost:3000/news/?author=Any%20author&title=Any%20Titile&text=Any%20Text"},"level":"info"}
{"message":{"date":"2019-02-03T19:54:40.611Z","url":"localhost:3000/news/1"},"level":"info"}
{"message":{"date":"2019-02-03T19:55:52.816Z","url":"localhost:3000/news/1"},"level":"info"}
{"message":{"date":"2019-02-03T19:59:07.262Z","url":"localhost:3000/news/4781"},"level":"info"}
{"message":{"date":"2019-02-03T20:07:41.460Z","url":"localhost:3000/"},"level":"info"}
{"message":{"date":"2019-02-03T20:07:42.174Z","url":"localhost:3000/favicon.ico"},"level":"info"}
{"message":{"date":"2019-02-03T20:07:48.214Z","url":"localhost:3000/news"},"level":"info"}
{"message":{"date":"2019-02-03T20:07:55.569Z","url":"localhost:3000/news/123"},"level":"info"}
{"message":{"date":"2019-02-03T20:08:03.087Z","url":"localhost:3000/news/1"},"level":"info"}
{"message":{"date":"2019-02-03T20:18:28.439Z","url":"localhost:3000/news/1"},"level":"info"}
{"message":{"date":"2019-02-03T20:18:28.584Z","url":"localhost:3000/favicon.ico"},"level":"info"}
{"message":{"date":"2019-02-03T20:18:33.452Z","url":"localhost:3000/login"},"level":"info"}
{"message":{"date":"2019-02-03T20:54:08.504Z","url":"localhost:3000/"},"level":"info"}
{"message":{"date":"2019-02-03T20:54:15.459Z","url":"localhost:3000/news"},"level":"info"}
{"message":{"date":"2019-02-03T21:19:58.060Z","url":"localhost:3000/news"},"level":"info"}
{"message":{"date":"2019-02-03T21:22:09.759Z","url":"localhost:3000/news"},"level":"info"}
{"message":{"date":"2019-02-03T21:22:14.808Z","url":"localhost:3000/news"},"level":"info"}
{"message":{"date":"2019-02-03T21:22:15.869Z","url":"localhost:3000/news"},"level":"info"}
{"message":{"date":"2019-02-03T21:22:17.047Z","url":"localhost:3000/news"},"level":"info"}
{"message":{"date":"2019-02-03T21:22:18.019Z","url":"localhost:3000/news"},"level":"info"}
{"message":{"date":"2019-02-03T21:28:46.774Z","url":"localhost:3000/news"},"level":"info"}
{"message":{"date":"2019-02-03T21:28:46.791Z","url":"localhost:3000/login"},"level":"info"}
{"message":{"date":"2019-02-03T21:28:46.797Z","url":"localhost:3000/login"},"level":"info"}
{"message":{"date":"2019-02-03T21:28:46.803Z","url":"localhost:3000/login"},"level":"info"}
{"message":{"date":"2019-02-03T21:28:46.808Z","url":"localhost:3000/login"},"level":"info"}
{"message":{"date":"2019-02-03T21:28:46.814Z","url":"localhost:3000/login"},"level":"info"}
{"message":{"date":"2019-02-03T21:28:46.820Z","url":"localhost:3000/login"},"level":"info"}
{"message":{"date":"2019-02-03T21:28:46.824Z","url":"localhost:3000/login"},"level":"info"}
{"message":{"date":"2019-02-03T21:28:46.830Z","url":"localhost:3000/login"},"level":"info"}
{"message":{"date":"2019-02-03T21:28:46.837Z","url":"localhost:3000/login"},"level":"info"}
{"message":{"date":"2019-02-03T21:28:46.841Z","url":"localhost:3000/login"},"level":"info"}
{"message":{"date":"2019-02-03T21:28:46.847Z","url":"localhost:3000/login"},"level":"info"}
{"message":{"date":"2019-02-03T21:28:46.852Z","url":"localhost:3000/login"},"level":"info"}
{"message":{"date":"2019-02-03T21:28:46.857Z","url":"localhost:3000/login"},"level":"info"}
{"message":{"date":"2019-02-03T21:28:46.864Z","url":"localhost:3000/login"},"level":"info"}
{"message":{"date":"2019-02-03T21:28:46.869Z","url":"localhost:3000/login"},"level":"info"}
{"message":{"date":"2019-02-03T21:28:46.875Z","url":"localhost:3000/login"},"level":"info"}
{"message":{"date":"2019-02-03T21:28:46.881Z","url":"localhost:3000/login"},"level":"info"}
{"message":{"date":"2019-02-03T21:28:46.887Z","url":"localhost:3000/login"},"level":"info"}
{"message":{"date":"2019-02-03T21:28:46.892Z","url":"localhost:3000/login"},"level":"info"}
{"message":{"date":"2019-02-03T21:28:47.077Z","url":"localhost:3000/login"},"level":"info"}
{"message":{"date":"2019-02-03T21:28:47.084Z","url":"localhost:3000/login"},"level":"info"}
{"message":{"date":"2019-02-03T21:28:47.090Z","url":"localhost:3000/login"},"level":"info"}
{"message":{"date":"2019-02-03T21:28:47.096Z","url":"localhost:3000/login"},"level":"info"}
{"message":{"date":"2019-02-03T21:28:47.103Z","url":"localhost:3000/login"},"level":"info"}
{"message":{"date":"2019-02-03T21:28:47.109Z","url":"localhost:3000/login"},"level":"info"}
{"message":{"date":"2019-02-03T21:28:47.116Z","url":"localhost:3000/login"},"level":"info"}
{"message":{"date":"2019-02-03T21:28:47.123Z","url":"localhost:3000/login"},"level":"info"}
{"message":{"date":"2019-02-03T21:28:47.129Z","url":"localhost:3000/login"},"level":"info"}
{"message":{"date":"2019-02-03T21:28:47.135Z","url":"localhost:3000/login"},"level":"info"}
{"message":{"date":"2019-02-03T21:28:47.141Z","url":"localhost:3000/login"},"level":"info"}
{"message":{"date":"2019-02-03T21:28:47.147Z","url":"localhost:3000/login"},"level":"info"}
{"message":{"date":"2019-02-03T21:28:47.152Z","url":"localhost:3000/login"},"level":"info"}
{"message":{"date":"2019-02-03T21:28:47.159Z","url":"localhost:3000/login"},"level":"info"}
{"message":{"date":"2019-02-03T21:28:47.165Z","url":"localhost:3000/login"},"level":"info"}
{"message":{"date":"2019-02-03T21:28:47.172Z","url":"localhost:3000/login"},"level":"info"}
{"message":{"date":"2019-02-03T21:28:47.179Z","url":"localhost:3000/login"},"level":"info"}
{"message":{"date":"2019-02-03T21:28:47.188Z","url":"localhost:3000/login"},"level":"info"}
{"message":{"date":"2019-02-03T21:28:47.193Z","url":"localhost:3000/login"},"level":"info"}
{"message":{"date":"2019-02-03T21:28:47.200Z","url":"localhost:3000/login"},"level":"info"}
{"message":{"date":"2019-02-03T21:28:52.220Z","url":"localhost:3000/login"},"level":"info"}
{"message":{"date":"2019-02-03T21:28:52.230Z","url":"localhost:3000/login"},"level":"info"}
{"message":{"date":"2019-02-03T21:28:52.237Z","url":"localhost:3000/login"},"level":"info"}
{"message":{"date":"2019-02-03T21:28:52.243Z","url":"localhost:3000/login"},"level":"info"}
{"message":{"date":"2019-02-03T21:28:52.248Z","url":"localhost:3000/login"},"level":"info"}
{"message":{"date":"2019-02-03T21:28:52.255Z","url":"localhost:3000/login"},"level":"info"}
{"message":{"date":"2019-02-03T21:28:52.261Z","url":"localhost:3000/login"},"level":"info"}
{"message":{"date":"2019-02-03T21:28:52.266Z","url":"localhost:3000/login"},"level":"info"}
{"message":{"date":"2019-02-03T21:28:52.271Z","url":"localhost:3000/login"},"level":"info"}
{"message":{"date":"2019-02-03T21:28:52.277Z","url":"localhost:3000/login"},"level":"info"}
{"message":{"date":"2019-02-03T21:28:52.282Z","url":"localhost:3000/login"},"level":"info"}
{"message":{"date":"2019-02-03T21:28:52.288Z","url":"localhost:3000/login"},"level":"info"}
{"message":{"date":"2019-02-03T21:28:52.296Z","url":"localhost:3000/login"},"level":"info"}
{"message":{"date":"2019-02-03T21:28:52.301Z","url":"localhost:3000/login"},"level":"info"}
{"message":{"date":"2019-02-03T21:28:52.307Z","url":"localhost:3000/login"},"level":"info"}
{"message":{"date":"2019-02-03T21:28:52.314Z","url":"localhost:3000/login"},"level":"info"}
{"message":{"date":"2019-02-03T21:28:52.321Z","url":"localhost:3000/login"},"level":"info"}
{"message":{"date":"2019-02-03T21:28:52.328Z","url":"localhost:3000/login"},"level":"info"}
{"message":{"date":"2019-02-03T21:28:52.333Z","url":"localhost:3000/login"},"level":"info"}
{"message":{"date":"2019-02-03T21:28:52.338Z","url":"localhost:3000/login"},"level":"info"}
{"message":{"date":"2019-02-03T21:29:22.373Z","url":"localhost:3000/login"},"level":"info"}
{"message":{"date":"2019-02-03T21:29:22.385Z","url":"localhost:3000/login"},"level":"info"}
{"message":{"date":"2019-02-03T21:29:22.393Z","url":"localhost:3000/login"},"level":"info"}
{"message":{"date":"2019-02-03T21:29:22.400Z","url":"localhost:3000/login"},"level":"info"}
{"message":{"date":"2019-02-03T21:29:22.407Z","url":"localhost:3000/login"},"level":"info"}
{"message":{"date":"2019-02-03T21:29:22.412Z","url":"localhost:3000/login"},"level":"info"}
{"message":{"date":"2019-02-03T21:29:22.417Z","url":"localhost:3000/login"},"level":"info"}
{"message":{"date":"2019-02-03T21:29:22.423Z","url":"localhost:3000/login"},"level":"info"}
{"message":{"date":"2019-02-03T21:29:22.429Z","url":"localhost:3000/login"},"level":"info"}
{"message":{"date":"2019-02-03T21:29:22.436Z","url":"localhost:3000/login"},"level":"info"}
{"message":{"date":"2019-02-03T21:29:22.440Z","url":"localhost:3000/login"},"level":"info"}
{"message":{"date":"2019-02-03T21:29:22.446Z","url":"localhost:3000/login"},"level":"info"}
{"message":{"date":"2019-02-03T21:29:22.453Z","url":"localhost:3000/login"},"level":"info"}
{"message":{"date":"2019-02-03T21:29:22.459Z","url":"localhost:3000/login"},"level":"info"}
{"message":{"date":"2019-02-03T21:29:22.468Z","url":"localhost:3000/login"},"level":"info"}
{"message":{"date":"2019-02-03T21:29:22.474Z","url":"localhost:3000/login"},"level":"info"}
{"message":{"date":"2019-02-03T21:29:22.481Z","url":"localhost:3000/login"},"level":"info"}
{"message":{"date":"2019-02-03T21:29:22.487Z","url":"localhost:3000/login"},"level":"info"}
{"message":{"date":"2019-02-03T21:29:22.493Z","url":"localhost:3000/login"},"level":"info"}
{"message":{"date":"2019-02-03T21:29:22.500Z","url":"localhost:3000/login"},"level":"info"}
{"message":{"date":"2019-02-03T21:30:22.534Z","url":"localhost:3000/login"},"level":"info"}
{"message":{"date":"2019-02-03T21:30:22.543Z","url":"localhost:3000/login"},"level":"info"}
{"message":{"date":"2019-02-03T21:30:22.552Z","url":"localhost:3000/login"},"level":"info"}
{"message":{"date":"2019-02-03T21:30:22.560Z","url":"localhost:3000/login"},"level":"info"}
{"message":{"date":"2019-02-03T21:30:22.565Z","url":"localhost:3000/login"},"level":"info"}
{"message":{"date":"2019-02-03T21:30:22.571Z","url":"localhost:3000/login"},"level":"info"}
{"message":{"date":"2019-02-03T21:30:22.578Z","url":"localhost:3000/login"},"level":"info"}
{"message":{"date":"2019-02-03T21:30:22.583Z","url":"localhost:3000/login"},"level":"info"}
{"message":{"date":"2019-02-03T21:30:22.589Z","url":"localhost:3000/login"},"level":"info"}
{"message":{"date":"2019-02-03T21:30:22.595Z","url":"localhost:3000/login"},"level":"info"}
{"message":{"date":"2019-02-03T21:30:22.601Z","url":"localhost:3000/login"},"level":"info"}
{"message":{"date":"2019-02-03T21:30:22.606Z","url":"localhost:3000/login"},"level":"info"}
{"message":{"date":"2019-02-03T21:30:22.612Z","url":"localhost:3000/login"},"level":"info"}
{"message":{"date":"2019-02-03T21:30:22.616Z","url":"localhost:3000/login"},"level":"info"}
{"message":{"date":"2019-02-03T21:30:22.622Z","url":"localhost:3000/login"},"level":"info"}
{"message":{"date":"2019-02-03T21:30:22.628Z","url":"localhost:3000/login"},"level":"info"}
{"message":{"date":"2019-02-03T21:30:22.635Z","url":"localhost:3000/login"},"level":"info"}
{"message":{"date":"2019-02-03T21:30:22.640Z","url":"localhost:3000/login"},"level":"info"}
{"message":{"date":"2019-02-03T21:30:22.647Z","url":"localhost:3000/login"},"level":"info"}
{"message":{"date":"2019-02-03T21:30:22.653Z","url":"localhost:3000/login"},"level":"info"}
{"message":{"date":"2019-02-03T21:33:11.066Z","url":"localhost:3000/news"},"level":"info"}
{"message":{"date":"2019-02-03T21:33:11.085Z","url":"localhost:3000/login"},"level":"info"}
{"message":{"date":"2019-02-03T21:33:11.092Z","url":"localhost:3000/login"},"level":"info"}
{"message":{"date":"2019-02-03T21:33:11.098Z","url":"localhost:3000/login"},"level":"info"}
{"message":{"date":"2019-02-03T21:33:11.103Z","url":"localhost:3000/login"},"level":"info"}
{"message":{"date":"2019-02-03T21:33:11.109Z","url":"localhost:3000/login"},"level":"info"}
{"message":{"date":"2019-02-03T21:33:11.116Z","url":"localhost:3000/login"},"level":"info"}
{"message":{"date":"2019-02-03T21:33:11.124Z","url":"localhost:3000/login"},"level":"info"}
{"message":{"date":"2019-02-03T21:33:11.131Z","url":"localhost:3000/login"},"level":"info"}
{"message":{"date":"2019-02-03T21:33:11.138Z","url":"localhost:3000/login"},"level":"info"}
{"message":{"date":"2019-02-03T21:33:11.144Z","url":"localhost:3000/login"},"level":"info"}
{"message":{"date":"2019-02-03T21:33:11.152Z","url":"localhost:3000/login"},"level":"info"}
{"message":{"date":"2019-02-03T21:33:11.158Z","url":"localhost:3000/login"},"level":"info"}
{"message":{"date":"2019-02-03T21:33:11.163Z","url":"localhost:3000/login"},"level":"info"}
{"message":{"date":"2019-02-03T21:33:11.169Z","url":"localhost:3000/login"},"level":"info"}
{"message":{"date":"2019-02-03T21:33:11.174Z","url":"localhost:3000/login"},"level":"info"}
{"message":{"date":"2019-02-03T21:33:11.179Z","url":"localhost:3000/login"},"level":"info"}
{"message":{"date":"2019-02-03T21:33:11.185Z","url":"localhost:3000/login"},"level":"info"}
{"message":{"date":"2019-02-03T21:33:11.190Z","url":"localhost:3000/login"},"level":"info"}
{"message":{"date":"2019-02-03T21:33:11.198Z","url":"localhost:3000/login"},"level":"info"}
{"message":{"date":"2019-02-03T21:33:12.911Z","url":"localhost:3000/login"},"level":"info"}
{"message":{"date":"2019-02-03T21:33:12.917Z","url":"localhost:3000/login"},"level":"info"}
{"message":{"date":"2019-02-03T21:33:12.924Z","url":"localhost:3000/login"},"level":"info"}
{"message":{"date":"2019-02-03T21:33:12.931Z","url":"localhost:3000/login"},"level":"info"}
{"message":{"date":"2019-02-03T21:33:12.938Z","url":"localhost:3000/login"},"level":"info"}
{"message":{"date":"2019-02-03T21:33:12.943Z","url":"localhost:3000/login"},"level":"info"}
{"message":{"date":"2019-02-03T21:33:12.950Z","url":"localhost:3000/login"},"level":"info"}
{"message":{"date":"2019-02-03T21:33:12.956Z","url":"localhost:3000/login"},"level":"info"}
{"message":{"date":"2019-02-03T21:33:12.963Z","url":"localhost:3000/login"},"level":"info"}
{"message":{"date":"2019-02-03T21:33:12.970Z","url":"localhost:3000/login"},"level":"info"}
{"message":{"date":"2019-02-03T21:33:12.976Z","url":"localhost:3000/login"},"level":"info"}
{"message":{"date":"2019-02-03T21:33:12.983Z","url":"localhost:3000/login"},"level":"info"}
{"message":{"date":"2019-02-03T21:33:12.990Z","url":"localhost:3000/login"},"level":"info"}
{"message":{"date":"2019-02-03T21:33:12.999Z","url":"localhost:3000/login"},"level":"info"}
{"message":{"date":"2019-02-03T21:33:13.007Z","url":"localhost:3000/login"},"level":"info"}
{"message":{"date":"2019-02-03T21:33:13.013Z","url":"localhost:3000/login"},"level":"info"}
{"message":{"date":"2019-02-03T21:33:13.021Z","url":"localhost:3000/login"},"level":"info"}
{"message":{"date":"2019-02-03T21:33:13.027Z","url":"localhost:3000/login"},"level":"info"}
{"message":{"date":"2019-02-03T21:35:53.469Z","url":"localhost:3000/login"},"level":"info"}
{"message":{"date":"2019-02-03T21:35:53.491Z","url":"localhost:3000/login"},"level":"info"}
{"message":{"date":"2019-02-03T21:35:53.497Z","url":"localhost:3000/login"},"level":"info"}
{"message":{"date":"2019-02-03T21:35:53.503Z","url":"localhost:3000/login"},"level":"info"}
{"message":{"date":"2019-02-03T21:35:53.509Z","url":"localhost:3000/login"},"level":"info"}
{"message":{"date":"2019-02-03T21:35:53.515Z","url":"localhost:3000/login"},"level":"info"}
{"message":{"date":"2019-02-03T21:35:53.522Z","url":"localhost:3000/login"},"level":"info"}
{"message":{"date":"2019-02-03T21:35:53.527Z","url":"localhost:3000/login"},"level":"info"}
{"message":{"date":"2019-02-03T21:35:53.535Z","url":"localhost:3000/login"},"level":"info"}
{"message":{"date":"2019-02-03T21:35:53.540Z","url":"localhost:3000/login"},"level":"info"}
{"message":{"date":"2019-02-03T21:35:53.546Z","url":"localhost:3000/login"},"level":"info"}
{"message":{"date":"2019-02-03T21:35:53.553Z","url":"localhost:3000/login"},"level":"info"}
{"message":{"date":"2019-02-03T21:35:53.559Z","url":"localhost:3000/login"},"level":"info"}
{"message":{"date":"2019-02-03T21:35:53.567Z","url":"localhost:3000/login"},"level":"info"}
{"message":{"date":"2019-02-03T21:35:53.573Z","url":"localhost:3000/login"},"level":"info"}
{"message":{"date":"2019-02-03T21:35:53.579Z","url":"localhost:3000/login"},"level":"info"}
{"message":{"date":"2019-02-03T21:35:53.587Z","url":"localhost:3000/login"},"level":"info"}
{"message":{"date":"2019-02-03T21:35:53.592Z","url":"localhost:3000/login"},"level":"info"}
{"message":{"date":"2019-02-03T21:35:53.600Z","url":"localhost:3000/login"},"level":"info"}
{"message":{"date":"2019-02-03T21:35:53.606Z","url":"localhost:3000/login"},"level":"info"}
{"message":{"date":"2019-02-03T21:40:04.329Z","url":"localhost:3000/login"},"level":"info"}
{"message":{"date":"2019-02-03T21:40:04.351Z","url":"localhost:3000/login"},"level":"info"}
{"message":{"date":"2019-02-03T21:40:04.357Z","url":"localhost:3000/login"},"level":"info"}
{"message":{"date":"2019-02-03T21:40:04.363Z","url":"localhost:3000/login"},"level":"info"}
{"message":{"date":"2019-02-03T21:40:04.370Z","url":"localhost:3000/login"},"level":"info"}
{"message":{"date":"2019-02-03T21:40:04.376Z","url":"localhost:3000/login"},"level":"info"}
{"message":{"date":"2019-02-03T21:40:04.383Z","url":"localhost:3000/login"},"level":"info"}
{"message":{"date":"2019-02-03T21:40:04.388Z","url":"localhost:3000/login"},"level":"info"}
{"message":{"date":"2019-02-03T21:40:04.394Z","url":"localhost:3000/login"},"level":"info"}
{"message":{"date":"2019-02-03T21:40:04.401Z","url":"localhost:3000/login"},"level":"info"}
{"message":{"date":"2019-02-03T21:40:04.406Z","url":"localhost:3000/login"},"level":"info"}
{"message":{"date":"2019-02-03T21:40:04.411Z","url":"localhost:3000/login"},"level":"info"}
{"message":{"date":"2019-02-03T21:40:04.418Z","url":"localhost:3000/login"},"level":"info"}
{"message":{"date":"2019-02-03T21:40:04.424Z","url":"localhost:3000/login"},"level":"info"}
{"message":{"date":"2019-02-03T21:40:04.431Z","url":"localhost:3000/login"},"level":"info"}
{"message":{"date":"2019-02-03T21:40:04.438Z","url":"localhost:3000/login"},"level":"info"}
{"message":{"date":"2019-02-03T21:40:04.443Z","url":"localhost:3000/login"},"level":"info"}
{"message":{"date":"2019-02-03T21:40:04.449Z","url":"localhost:3000/login"},"level":"info"}
{"message":{"date":"2019-02-03T21:40:04.456Z","url":"localhost:3000/login"},"level":"info"}
{"message":{"date":"2019-02-03T21:40:04.462Z","url":"localhost:3000/login"},"level":"info"}
{"message":{"date":"2019-02-03T22:04:06.597Z","url":"localhost:3000/"},"level":"info"}
{"message":{"date":"2019-02-03T22:04:13.439Z","url":"localhost:3000/login"},"level":"info"}
{"message":{"date":"2019-02-03T22:08:52.712Z","url":"localhost:3000/login"},"level":"info"}
{"message":{"date":"2019-02-03T22:09:23.279Z","url":"localhost:3000/login"},"level":"info"}
{"message":{"date":"2019-02-03T22:20:35.564Z","url":"localhost:3000/login"},"level":"info"}
{"message":{"date":"2019-02-03T22:25:45.537Z","url":"localhost:3000/login"},"level":"info"}
{"message":{"date":"2019-02-03T22:45:57.367Z","url":"localhost:3000/"},"level":"info"}
{"message":{"date":"2019-02-03T22:46:05.132Z","url":"localhost:3000/"},"level":"info"}
{"message":{"date":"2019-02-03T22:46:05.142Z","url":"localhost:3000/"},"level":"info"}
{"message":{"date":"2019-02-03T22:47:03.958Z","url":"localhost:3000/"},"level":"info"}
{"message":{"date":"2019-02-03T22:47:17.915Z","url":"localhost:3000/"},"level":"info"}
{"message":{"date":"2019-02-05T16:10:59.978Z","url":"localhost:3000/"},"level":"info"}
{"message":{"date":"2019-02-05T16:11:08.101Z","url":"localhost:3000/news"},"level":"info"}
{"message":{"date":"2019-02-05T16:11:18.248Z","url":"localhost:3000/news"},"level":"info"}
{"message":{"date":"2019-02-05T16:23:42.604Z","url":"localhost:3000/news"},"level":"info"}
{"message":{"date":"2019-02-05T16:23:44.158Z","url":"localhost:3000/news"},"level":"info"}
{"message":{"date":"2019-02-05T16:23:54.672Z","url":"localhost:3000/news"},"level":"info"}
{"message":{"date":"2019-02-05T16:32:44.525Z","url":"localhost:3000/news"},"level":"info"}
{"message":{"date":"2019-02-05T16:32:52.476Z","url":"localhost:3000/5"},"level":"info"}
{"message":{"date":"2019-02-05T16:32:59.433Z","url":"localhost:3000/1"},"level":"info"}
{"message":{"date":"2019-02-05T16:33:05.437Z","url":"localhost:3000/news/1"},"level":"info"}
{"message":{"date":"2019-02-05T16:33:08.227Z","url":"localhost:3000/news/5"},"level":"info"}
{"message":{"date":"2019-02-05T16:33:16.291Z","url":"localhost:3000/news/qwecfwe"},"level":"info"}
{"message":{"date":"2019-02-05T16:38:54.473Z","url":"localhost:3000/login"},"level":"info"}
{"message":{"date":"2019-02-05T16:38:56.037Z","url":"localhost:3000/login"},"level":"info"}
{"message":{"date":"2019-02-05T16:41:22.460Z","url":"localhost:3000/login"},"level":"info"}
{"message":{"date":"2019-02-05T16:42:13.240Z","url":"localhost:3000/login"},"level":"info"}
{"message":{"date":"2019-02-05T16:43:08.286Z","url":"localhost:3000/login"},"level":"info"}
{"message":{"date":"2019-02-05T16:43:23.209Z","url":"localhost:3000/login"},"level":"info"}
{"message":{"date":"2019-02-05T16:43:23.299Z","url":"localhost:3000/stylesheets/style.css"},"level":"info"}
{"message":{"date":"2019-02-05T16:43:26.754Z","url":"localhost:3000/"},"level":"info"}
{"message":{"date":"2019-02-05T16:43:26.839Z","url":"localhost:3000/stylesheets/style.css"},"level":"info"}
{"message":{"date":"2019-02-05T16:43:31.887Z","url":"localhost:3000/news"},"level":"info"}
{"message":{"date":"2019-02-05T16:43:36.497Z","url":"localhost:3000/login"},"level":"info"}
{"message":{"date":"2019-02-05T16:43:36.547Z","url":"localhost:3000/stylesheets/style.css"},"level":"info"}
{"message":{"date":"2019-02-05T16:43:44.006Z","url":"localhost:3000/loginHandler"},"level":"info"}
{"message":{"date":"2019-02-05T16:43:44.071Z","url":"localhost:3000/stylesheets/style.css"},"level":"info"}
{"message":{"date":"2019-02-05T16:45:25.163Z","url":"localhost:3000/loginHandler"},"level":"info"}
{"message":{"date":"2019-02-05T16:45:25.218Z","url":"localhost:3000/stylesheets/style.css"},"level":"info"}
{"message":{"date":"2019-02-05T16:46:56.177Z","url":"localhost:3000/loginHandler"},"level":"info"}
{"message":{"date":"2019-02-05T16:46:56.221Z","url":"localhost:3000/"},"level":"info"}
{"message":{"date":"2019-02-05T16:46:56.278Z","url":"localhost:3000/stylesheets/style.css"},"level":"info"}
{"message":{"date":"2019-02-05T16:47:04.510Z","url":"localhost:3000/1"},"level":"info"}
{"message":{"date":"2019-02-05T16:47:04.546Z","url":"localhost:3000/stylesheets/style.css"},"level":"info"}
{"message":{"date":"2019-02-05T16:47:09.492Z","url":"localhost:3000/news"},"level":"info"}
{"message":{"date":"2019-02-05T16:47:15.867Z","url":"localhost:3000/login"},"level":"info"}
{"message":{"date":"2019-02-05T16:47:15.914Z","url":"localhost:3000/stylesheets/style.css"},"level":"info"}
{"message":{"date":"2019-02-05T16:47:22.122Z","url":"localhost:3000/loginHandler"},"level":"info"}
{"message":{"date":"2019-02-05T16:47:22.168Z","url":"localhost:3000/stylesheets/style.css"},"level":"info"}
{"message":{"date":"2019-02-05T16:47:30.418Z","url":"localhost:3000/loginHandler"},"level":"info"}
{"message":{"date":"2019-02-05T16:47:30.475Z","url":"localhost:3000/stylesheets/style.css"},"level":"info"}
{"message":{"date":"2019-02-05T16:47:31.468Z","url":"localhost:3000/loginHandler"},"level":"info"}
{"message":{"date":"2019-02-05T16:47:31.539Z","url":"localhost:3000/stylesheets/style.css"},"level":"info"}
{"message":{"date":"2019-02-05T16:47:39.109Z","url":"localhost:3000/loginHandler"},"level":"info"}
{"message":{"date":"2019-02-05T16:47:39.122Z","url":"localhost:3000/"},"level":"info"}
{"message":{"date":"2019-02-05T16:47:39.174Z","url":"localhost:3000/stylesheets/style.css"},"level":"info"}
{"message":{"date":"2019-02-05T16:49:06.164Z","url":"localhost:3000/"},"level":"info"}
{"message":{"date":"2019-02-05T16:49:06.920Z","url":"localhost:3000/stylesheets/style.css"},"level":"info"}
{"message":{"date":"2019-02-05T16:49:10.112Z","url":"localhost:3000/news"},"level":"info"}
{"message":{"date":"2019-02-05T16:49:15.283Z","url":"localhost:3000/login"},"level":"info"}
{"message":{"date":"2019-02-05T16:49:15.339Z","url":"localhost:3000/stylesheets/style.css"},"level":"info"}
{"message":{"date":"2019-02-05T16:49:20.541Z","url":"localhost:3000/loginHandler"},"level":"info"}
{"message":{"date":"2019-02-05T16:49:20.618Z","url":"localhost:3000/stylesheets/style.css"},"level":"info"}
{"message":{"date":"2019-02-05T16:49:27.372Z","url":"localhost:3000/loginHandler"},"level":"info"}
{"message":{"date":"2019-02-05T16:49:27.391Z","url":"localhost:3000/news"},"level":"info"}
{"message":{"date":"2019-02-05T16:49:35.348Z","url":"localhost:3000/login"},"level":"info"}
{"message":{"date":"2019-02-05T16:49:35.404Z","url":"localhost:3000/stylesheets/style.css"},"level":"info"}
{"message":{"date":"2019-02-05T16:49:41.321Z","url":"localhost:3000/logout"},"level":"info"}
{"message":{"date":"2019-02-05T16:49:41.337Z","url":"localhost:3000/"},"level":"info"}
{"message":{"date":"2019-02-05T16:49:41.381Z","url":"localhost:3000/stylesheets/style.css"},"level":"info"}
{"message":{"date":"2019-02-05T17:34:01.640Z","url":"localhost:3000/login"},"level":"info"}
{"message":{"date":"2019-02-05T17:34:01.687Z","url":"localhost:3000/stylesheets/style.css"},"level":"info"}
{"message":{"date":"2019-02-05T17:34:05.798Z","url":"localhost:3000/loginHandler"},"level":"info"}
{"message":{"date":"2019-02-05T17:34:05.871Z","url":"localhost:3000/stylesheets/style.css"},"level":"info"}
{"message":{"date":"2019-02-05T17:34:14.888Z","url":"localhost:3000/loginHandler"},"level":"info"}
{"message":{"date":"2019-02-05T17:34:14.943Z","url":"localhost:3000/stylesheets/style.css"},"level":"info"}
{"message":{"date":"2019-02-05T17:34:22.489Z","url":"localhost:3000/loginHandler"},"level":"info"}
{"message":{"date":"2019-02-05T17:34:22.521Z","url":"localhost:3000/news"},"level":"info"}
{"message":{"date":"2019-02-05T17:36:55.190Z","url":"localhost:3000/news"},"level":"info"}
{"message":{"date":"2019-02-05T17:45:17.633Z","url":"localhost:3000/news"},"level":"info"}
{"message":{"date":"2019-02-05T17:45:24.734Z","url":"localhost:3000/news"},"level":"info"}
{"message":{"date":"2019-02-05T17:45:37.090Z","url":"localhost:3000/news/2"},"level":"info"}
{"message":{"date":"2019-02-05T17:58:03.728Z","url":"localhost:3000/news/2"},"level":"info"}
{"message":{"date":"2019-02-05T17:58:08.577Z","url":"localhost:3000/news/2"},"level":"info"}
{"message":{"date":"2019-02-05T18:01:38.667Z","url":"localhost:3000/news/2"},"level":"info"}
{"message":{"date":"2019-02-05T18:01:53.397Z","url":"localhost:3000/news"},"level":"info"}
{"message":{"date":"2019-02-05T18:02:01.680Z","url":"localhost:3000/"},"level":"info"}
{"message":{"date":"2019-02-05T18:02:01.726Z","url":"localhost:3000/stylesheets/style.css"},"level":"info"}
{"message":{"date":"2019-02-05T18:02:04.287Z","url":"localhost:3000/put/1"},"level":"info"}
{"message":{"date":"2019-02-05T18:02:04.324Z","url":"localhost:3000/stylesheets/style.css"},"level":"info"}
{"message":{"date":"2019-02-05T18:02:11.627Z","url":"localhost:3000/news/1"},"level":"info"}
{"message":{"date":"2019-02-05T18:04:24.881Z","url":"localhost:3000/news/2"},"level":"info"}
{"message":{"date":"2019-02-05T18:04:26.912Z","url":"localhost:3000/news/2"},"level":"info"}
{"message":{"date":"2019-02-05T18:05:05.841Z","url":"localhost:3000/news/2"},"level":"info"}
{"message":{"date":"2019-02-05T18:05:10.483Z","url":"localhost:3000/news/2"},"level":"info"}
{"message":{"date":"2019-02-05T18:06:58.382Z","url":"localhost:3000/loginHandler"},"level":"info"}
{"message":{"date":"2019-02-05T18:08:23.509Z","url":"localhost:3000/loginHandler"},"level":"info"}
{"message":{"date":"2019-02-05T18:10:04.550Z","url":"localhost:3000/loginHandler?login=admin"},"level":"info"}
{"message":{"date":"2019-02-05T18:10:15.680Z","url":"localhost:3000/loginHandler?login=admin&password=132"},"level":"info"}
{"message":{"date":"2019-02-05T18:10:26.391Z","url":"localhost:3000/loginHandler?login=admin&password=root"},"level":"info"}
{"message":{"date":"2019-02-05T18:10:26.408Z","url":"localhost:3000/news"},"level":"info"}
{"message":{"date":"2019-02-05T18:10:48.350Z","url":"localhost:3000/news/1"},"level":"info"}
{"message":{"date":"2019-02-05T18:12:56.365Z","url":"localhost:3000/news/"},"level":"info"}
{"message":{"date":"2019-02-05T18:13:27.450Z","url":"localhost:3000/logout"},"level":"info"}
{"message":{"date":"2019-02-05T18:13:32.590Z","url":"localhost:3000/logout"},"level":"info"}
{"message":{"date":"2019-02-05T18:13:48.316Z","url":"localhost:3000/logout"},"level":"info"}
{"message":{"date":"2019-02-05T18:13:48.338Z","url":"localhost:3000/"},"level":"info"}
{"message":{"date":"2019-02-05T18:14:24.187Z","url":"localhost:3000/logout"},"level":"info"}
{"message":{"date":"2019-02-05T18:14:24.208Z","url":"localhost:3000/news"},"level":"info"}
{"message":{"date":"2019-02-05T18:14:37.198Z","url":"localhost:3000/news/5420"},"level":"info"}
{"message":{"date":"2019-02-05T18:15:17.278Z","url":"localhost:3000/loginHandler?login=admin&password=root"},"level":"info"}
{"message":{"date":"2019-02-05T18:15:17.294Z","url":"localhost:3000/news"},"level":"info"}
{"message":{"date":"2019-02-05T18:15:35.872Z","url":"localhost:3000/news/5420"},"level":"info"}
